mode: set
github.com/TulioGuaraldoB/lemarchand-password/util/formatter/formatter.go:5.47,11.2 4 1
github.com/TulioGuaraldoB/lemarchand-password/core/businesses/userBusiness.go:19.38,21.2 1 1
github.com/TulioGuaraldoB/lemarchand-password/core/businesses/userBusiness.go:23.110,28.53 4 1
github.com/TulioGuaraldoB/lemarchand-password/core/businesses/userBusiness.go:59.2,60.24 2 1
github.com/TulioGuaraldoB/lemarchand-password/core/businesses/userBusiness.go:28.53,29.28 1 1
github.com/TulioGuaraldoB/lemarchand-password/core/businesses/userBusiness.go:30.36,33.60 3 1
github.com/TulioGuaraldoB/lemarchand-password/core/businesses/userBusiness.go:35.45,38.60 3 1
github.com/TulioGuaraldoB/lemarchand-password/core/businesses/userBusiness.go:40.45,43.60 3 1
github.com/TulioGuaraldoB/lemarchand-password/core/businesses/userBusiness.go:45.43,48.60 3 1
github.com/TulioGuaraldoB/lemarchand-password/core/businesses/userBusiness.go:50.32,53.60 3 1
github.com/TulioGuaraldoB/lemarchand-password/core/businesses/userBusiness.go:55.29,55.29 0 0
github.com/TulioGuaraldoB/lemarchand-password/core/businesses/userBusiness.go:63.67,65.2 1 1
github.com/TulioGuaraldoB/lemarchand-password/core/businesses/userBusiness.go:67.62,69.37 2 1
github.com/TulioGuaraldoB/lemarchand-password/core/businesses/userBusiness.go:75.2,75.57 1 1
github.com/TulioGuaraldoB/lemarchand-password/core/businesses/userBusiness.go:69.37,70.33 1 1
github.com/TulioGuaraldoB/lemarchand-password/core/businesses/userBusiness.go:70.33,72.4 1 1
github.com/TulioGuaraldoB/lemarchand-password/core/businesses/userBusiness.go:78.62,80.37 2 1
github.com/TulioGuaraldoB/lemarchand-password/core/businesses/userBusiness.go:86.2,86.57 1 1
github.com/TulioGuaraldoB/lemarchand-password/core/businesses/userBusiness.go:80.37,81.33 1 1
github.com/TulioGuaraldoB/lemarchand-password/core/businesses/userBusiness.go:81.33,83.4 1 1
github.com/TulioGuaraldoB/lemarchand-password/core/businesses/userBusiness.go:89.70,95.2 4 1
github.com/TulioGuaraldoB/lemarchand-password/core/businesses/userBusiness.go:97.73,100.2 2 1
github.com/TulioGuaraldoB/lemarchand-password/core/businesses/userBusiness.go:102.59,104.37 2 1
github.com/TulioGuaraldoB/lemarchand-password/core/businesses/userBusiness.go:110.2,110.57 1 1
github.com/TulioGuaraldoB/lemarchand-password/core/businesses/userBusiness.go:104.37,105.33 1 1
github.com/TulioGuaraldoB/lemarchand-password/core/businesses/userBusiness.go:105.33,107.4 1 1
github.com/TulioGuaraldoB/lemarchand-password/core/controllers/userController.go:19.79,23.2 1 1
github.com/TulioGuaraldoB/lemarchand-password/core/controllers/userController.go:25.59,27.56 2 1
github.com/TulioGuaraldoB/lemarchand-password/core/controllers/userController.go:35.2,36.42 2 1
github.com/TulioGuaraldoB/lemarchand-password/core/controllers/userController.go:27.56,33.3 2 1
